<?xml version="1.0" encoding="UTF-8"?>
<!-- Generated by org.testng.reporters.JUnitReportReporter -->
<testsuite hostname="hp" failures="0" tests="1" name="pojoMockclasses.Response_Body" time="4.683" errors="0" timestamp="2024-01-10T12:40:34 IST" skipped="0">
  <testcase classname="pojoMockclasses.Response_Body" name="getbody" time="4.683"/>
  <system-out/>
</testsuite> <!-- pojoMockclasses.Response_Body -->
