<?xml version="1.0" encoding="UTF-8"?>
<!-- Generated by org.testng.reporters.JUnitReportReporter -->
<testsuite hostname="hp" failures="0" tests="1" name="basic.AssignmentVerify" time="1.765" errors="0" timestamp="2023-11-30T21:56:18 IST" skipped="0">
  <testcase classname="basic.AssignmentVerify" name="ass" time="1.765"/>
  <system-out/>
</testsuite> <!-- basic.AssignmentVerify -->
