<?xml version="1.0" encoding="UTF-8"?>
<!-- Generated by org.testng.reporters.JUnitReportReporter -->
<testsuite hostname="hp" failures="0" tests="1" name="basic.FetchingDataFromComplexJson" time="3.632" errors="0" timestamp="2023-11-30T22:08:19 IST" skipped="0">
  <testcase classname="basic.FetchingDataFromComplexJson" name="ComplexData" time="3.632"/>
  <system-out/>
</testsuite> <!-- basic.FetchingDataFromComplexJson -->
