<?xml version="1.0" encoding="UTF-8"?>
<!-- Generated by org.testng.reporters.JUnitReportReporter -->
<testsuite hostname="hp" failures="0" tests="1" name="serializationAndDeserialization.SingleUserSerAndDeser" time="2.735" errors="0" timestamp="2024-01-18T17:44:19 IST" skipped="0">
  <testcase classname="serializationAndDeserialization.SingleUserSerAndDeser" name="SingleUserFetchData" time="2.735"/>
  <system-out/>
</testsuite> <!-- serializationAndDeserialization.SingleUserSerAndDeser -->
