<?xml version="1.0" encoding="UTF-8"?>
<!-- Generated by org.testng.reporters.JUnitReportReporter -->
<testsuite hostname="hp" failures="0" tests="1" name="serAndDserMock.Get_List_user" time="5.126" errors="0" timestamp="2024-01-10T13:15:36 IST" skipped="0">
  <testcase classname="serAndDserMock.Get_List_user" name="Get_list_Of_users" time="5.126"/>
  <system-out/>
</testsuite> <!-- serAndDserMock.Get_List_user -->
