<?xml version="1.0" encoding="UTF-8"?>
<!-- Generated by org.testng.reporters.JUnitReportReporter -->
<testsuite hostname="hp" failures="0" tests="1" name="pojoMockclasses.RequestBody" time="3.805" errors="0" timestamp="2024-01-10T12:17:37 IST" skipped="0">
  <testcase classname="pojoMockclasses.RequestBody" name="getbody" time="3.805"/>
  <system-out/>
</testsuite> <!-- pojoMockclasses.RequestBody -->
