<?xml version="1.0" encoding="UTF-8"?>
<!-- Generated by org.testng.reporters.JUnitReportReporter -->
<testsuite hostname="hp" failures="0" tests="2" name="serAndDserMock.Create_User" time="10.177" errors="0" timestamp="2024-01-10T14:06:15 IST" skipped="0">
  <testcase classname="serAndDserMock.Create_User" name="createUser" time="7.941"/>
  <system-out/>
  <testcase classname="serAndDserMock.Create_User" name="fetchuser" time="2.236"/>
  <system-out/>
</testsuite> <!-- serAndDserMock.Create_User -->
