<?xml version="1.0" encoding="UTF-8"?>
<!-- Generated by org.testng.reporters.JUnitReportReporter -->
<testsuite hostname="hp" failures="0" tests="1" name="serializationAndDeserialization.SingleUserSerAndDeser" time="3.017" errors="0" timestamp="2023-12-01T07:56:58 IST" skipped="0">
  <testcase classname="serializationAndDeserialization.SingleUserSerAndDeser" name="SingleUserFetchData" time="3.017"/>
  <system-out/>
</testsuite> <!-- serializationAndDeserialization.SingleUserSerAndDeser -->
