<?xml version="1.0" encoding="UTF-8"?>
<!-- Generated by org.testng.reporters.JUnitReportReporter -->
<testsuite hostname="hp" failures="0" tests="1" name="basic.Get_ListUsers" time="2.655" errors="0" timestamp="2023-11-30T22:02:57 IST" skipped="0">
  <testcase classname="basic.Get_ListUsers" name="getbody" time="2.655"/>
  <system-out/>
</testsuite> <!-- basic.Get_ListUsers -->
