<?xml version="1.0" encoding="UTF-8"?>
<!-- Generated by org.testng.reporters.JUnitReportReporter -->
<testsuite hostname="hp" failures="0" tests="1" name="ecommerce.Login" time="3.613" errors="0" timestamp="2023-12-02T17:01:52 IST" skipped="0">
  <testcase classname="ecommerce.Login" name="loginApi" time="3.613"/>
  <system-out/>
</testsuite> <!-- ecommerce.Login -->
