<?xml version="1.0" encoding="UTF-8"?>
<!-- Generated by org.testng.reporters.JUnitReportReporter -->
<testsuite hostname="hp" failures="0" tests="1" name="createsource.CreatenewUser" time="4.631" errors="0" timestamp="2024-03-01T23:14:10 IST" skipped="0">
  <testcase classname="createsource.CreatenewUser" name="NewUser" time="4.631"/>
  <system-out/>
</testsuite> <!-- createsource.CreatenewUser -->
