<?xml version="1.0" encoding="UTF-8"?>
<!-- Generated by org.testng.reporters.JUnitReportReporter -->
<testsuite hostname="hp" failures="0" tests="1" name="serializationAndDeserialization.DelayUserSerAndDes" time="6.989" errors="0" timestamp="2023-12-01T08:06:33 IST" skipped="0">
  <testcase classname="serializationAndDeserialization.DelayUserSerAndDes" name="delayusertestclass" time="6.989"/>
  <system-out/>
</testsuite> <!-- serializationAndDeserialization.DelayUserSerAndDes -->
