<?xml version="1.0" encoding="UTF-8"?>
<!-- Generated by org.testng.reporters.JUnitReportReporter -->
<testsuite hostname="hp" failures="0" tests="1" name="serializationAndDeserialization.TestSeAndDeGetUser" time="2.969" errors="0" timestamp="2024-01-09T23:42:37 IST" skipped="0">
  <testcase classname="serializationAndDeserialization.TestSeAndDeGetUser" name="CreateUser" time="2.969"/>
  <system-out/>
</testsuite> <!-- serializationAndDeserialization.TestSeAndDeGetUser -->
