<?xml version="1.0" encoding="UTF-8"?>
<!-- Generated by org.testng.reporters.JUnitReportReporter -->
<testsuite hostname="hp" failures="0" tests="1" name="mysore.CreateUser" time="3.512" errors="0" timestamp="2024-02-27T14:11:12 IST" skipped="0">
  <testcase classname="mysore.CreateUser" name="createNewUser" time="3.512"/>
  <system-out/>
</testsuite> <!-- mysore.CreateUser -->
