<?xml version="1.0" encoding="UTF-8"?>
<!-- Generated by org.testng.reporters.JUnitReportReporter -->
<testsuite hostname="hp" failures="0" tests="2" name="basic.Create_User" time="5.875" errors="0" timestamp="2023-12-11T16:11:08 IST" skipped="0">
  <testcase classname="basic.Create_User" name="InsertData" time="3.716"/>
  <system-out/>
  <testcase classname="basic.Create_User" name="getData" time="2.159"/>
  <system-out/>
</testsuite> <!-- basic.Create_User -->
