<?xml version="1.0" encoding="UTF-8"?>
<!-- Generated by org.testng.reporters.JUnitReportReporter -->
<testsuite hostname="hp" failures="0" tests="2" name="basic.CreateBhalchandra" time="91.053" errors="0" timestamp="2023-12-01T11:28:14 IST" skipped="0">
  <testcase classname="basic.CreateBhalchandra" name="fetchuser" time="44.658"/>
  <system-out/>
  <testcase classname="basic.CreateBhalchandra" name="create1" time="46.395"/>
  <system-out/>
</testsuite> <!-- basic.CreateBhalchandra -->
